<?xml version="1.0" encoding="UTF-8"?>
<!-- Generated by org.testng.reporters.JUnitXMLReporter -->
<testsuite hostname="w-diarovchm" ignored="0" name="Command line test" tests="1" failures="1" timestamp="19 Oct 2017 08:34:40 GMT" time="147.525" errors="0">
  <testcase name="openPage" time="147.498" classname="fix.app.firstTest">
    <failure type="io.github.bonigarcia.wdm.WebDriverManagerException" message="Exception managing driver for [chromedriver]">
      <![CDATA[io.github.bonigarcia.wdm.WebDriverManagerException: Exception managing driver for [chromedriver]
	at io.github.bonigarcia.wdm.BrowserManager.manage(BrowserManager.java:288)
	at io.github.bonigarcia.wdm.BrowserManager.manage(BrowserManager.java:279)
	at io.github.bonigarcia.wdm.BrowserManager.setup(BrowserManager.java:839)
	at io.github.bonigarcia.wdm.BrowserManager.setup(BrowserManager.java:787)
	at com.codeborne.selenide.webdriver.WebDriverBinaryManager.setupBinaryPath(WebDriverBinaryManager.java:11)
	at com.codeborne.selenide.webdriver.WebDriverFactory.createWebDriver(WebDriverFactory.java:49)
	at com.codeborne.selenide.impl.WebDriverThreadLocalContainer.createDriver(WebDriverThreadLocalContainer.java:227)
	at com.codeborne.selenide.impl.WebDriverThreadLocalContainer.getAndCheckWebDriver(WebDriverThreadLocalContainer.java:111)
	at com.codeborne.selenide.WebDriverRunner.getAndCheckWebDriver(WebDriverRunner.java:142)
	at com.codeborne.selenide.impl.Navigator.navigateToAbsoluteUrl(Navigator.java:69)
	at com.codeborne.selenide.impl.Navigator.open(Navigator.java:32)
	at com.codeborne.selenide.Selenide.open(Selenide.java:79)
	at com.codeborne.selenide.Selenide.open(Selenide.java:53)
	at fix.app.firstTest.openPage(firstTest.java:10)
Caused by: org.apache.http.conn.HttpHostConnectException: Connect to proxy.icl.kazan.ru:3128 [proxy.icl.kazan.ru/217.30.247.2] failed: Connection timed out: connect
	at org.apache.http.impl.conn.DefaultHttpClientConnectionOperator.connect(DefaultHttpClientConnectionOperator.java:159)
	at org.apache.http.impl.conn.PoolingHttpClientConnectionManager.connect(PoolingHttpClientConnectionManager.java:359)
	at org.apache.http.impl.execchain.MainClientExec.establishRoute(MainClientExec.java:389)
	at org.apache.http.impl.execchain.MainClientExec.execute(MainClientExec.java:237)
	at org.apache.http.impl.execchain.ProtocolExec.execute(ProtocolExec.java:185)
	at org.apache.http.impl.execchain.RetryExec.execute(RetryExec.java:89)
	at org.apache.http.impl.execchain.RedirectExec.execute(RedirectExec.java:111)
	at org.apache.http.impl.client.InternalHttpClient.doExecute(InternalHttpClient.java:185)
	at org.apache.http.impl.client.CloseableHttpClient.execute(CloseableHttpClient.java:83)
	at org.apache.http.impl.client.CloseableHttpClient.execute(CloseableHttpClient.java:108)
	at io.github.bonigarcia.wdm.WdmHttpClient.execute(WdmHttpClient.java:90)
	at io.github.bonigarcia.wdm.BrowserManager.getDriversFromXml(BrowserManager.java:684)
	at io.github.bonigarcia.wdm.ChromeDriverManager.getDrivers(ChromeDriverManager.java:46)
	at io.github.bonigarcia.wdm.BrowserManager.manage(BrowserManager.java:203)
	... 48 more
Caused by: java.net.ConnectException: Connection timed out: connect
	at java.net.DualStackPlainSocketImpl.connect0(Native Method)
	at java.net.DualStackPlainSocketImpl.socketConnect(DualStackPlainSocketImpl.java:79)
	at java.net.AbstractPlainSocketImpl.doConnect(AbstractPlainSocketImpl.java:350)
	at java.net.AbstractPlainSocketImpl.connectToAddress(AbstractPlainSocketImpl.java:206)
	at java.net.AbstractPlainSocketImpl.connect(AbstractPlainSocketImpl.java:188)
	at java.net.PlainSocketImpl.connect(PlainSocketImpl.java:172)
	at java.net.SocksSocketImpl.connect(SocksSocketImpl.java:392)
	at java.net.Socket.connect(Socket.java:589)
	at org.apache.http.conn.socket.PlainConnectionSocketFactory.connectSocket(PlainConnectionSocketFactory.java:75)
	at org.apache.http.impl.conn.DefaultHttpClientConnectionOperator.connect(DefaultHttpClientConnectionOperator.java:142)
	... 61 more
... Removed 35 stack frames]]>
    </failure>
  </testcase> <!-- openPage -->
</testsuite> <!-- Command line test -->
