<?xml version="1.0" encoding="UTF-8" ?>
<testsuite tests="1" failures="1" name="fix.app.firstTest" time="9.946" errors="0" skipped="0">
  <properties>
[...]
</properties>
  <testcase classname="fix.app.firstTest" name="openPage" time="9.946">
    <failure message="Element should have text &apos;Привет, WQAa!&apos; {h3}
Element: &apos;&lt;h3 class=&quot;ng-binding&quot;&gt;Привет, WQA!&lt;/h3&gt;&apos;" type="Element should have text &apos;Привет, WQAa!&apos; {h3}
Element">Element should have text &apos;Привет, WQAa!&apos; {h3}
Element: &apos;&lt;h3 class=&quot;ng-binding&quot;&gt;Привет, WQA!&lt;/h3&gt;&apos;
Screenshot: file:/C:/dev/Fix/ui-test/build/reports/tests/1508409896602.0.png
Page source: file:/C:/dev/Fix/ui-test/build/reports/tests/1508409896602.0.html
Timeout: 4 s.
	at com.codeborne.selenide.impl.WebElementSource.checkCondition(WebElementSource.java:66)
	at com.codeborne.selenide.commands.Should.should(Should.java:35)
	at com.codeborne.selenide.commands.Should.execute(Should.java:29)
	at com.codeborne.selenide.commands.Should.execute(Should.java:12)
	at com.codeborne.selenide.commands.Commands.execute(Commands.java:143)
	at com.codeborne.selenide.impl.SelenideElementProxy.dispatchAndRetry(SelenideElementProxy.java:87)
	at com.codeborne.selenide.impl.SelenideElementProxy.invoke(SelenideElementProxy.java:63)
	at com.sun.proxy.$Proxy2.shouldHave(Unknown Source)
	at fix.app.firstTest.openPage(firstTest.java:23)
</failure>
    <system-out>Configuring TestNG with: org.apache.maven.surefire.testng.conf.TestNG652Configurator@33833882
</system-out>
    <system-err>SLF4J: Failed to load class &quot;org.slf4j.impl.StaticLoggerBinder&quot;.
SLF4J: Defaulting to no-operation (NOP) logger implementation
SLF4J: See http://www.slf4j.org/codes.html#StaticLoggerBinder for further details.
Starting ChromeDriver 2.33.506120 (e3e53437346286c0bc2d2dc9aa4915ba81d9023f) on port 48906
Only local connections are allowed.
Oct 19, 2017 1:44:49 PM org.openqa.selenium.remote.ProtocolHandshake createSession
INFO: Detected dialect: OSS
Oct 19, 2017 1:44:51 PM com.codeborne.selenide.webdriver.WebDriverFactory logBrowserVersion
INFO: BrowserName=chrome Version=61.0.3163.100 Platform=XP
Oct 19, 2017 1:44:51 PM com.codeborne.selenide.webdriver.WebDriverFactory createWebDriver
INFO: Selenide v. 4.8
Oct 19, 2017 1:44:51 PM com.codeborne.selenide.webdriver.WebDriverFactory logSeleniumInfo
INFO: Selenium WebDriver v. 3.6.0 build time: 2017-09-27T15:28:36.4Z
Oct 19, 2017 1:44:51 PM com.codeborne.selenide.impl.WebDriverThreadLocalContainer createDriver
INFO: Create webdriver in current thread 1: ChromeDriver -&gt; ChromeDriver: chrome on XP (aa96ad7a74dfd8214e173cc6a5cbf610)
Oct 19, 2017 1:44:56 PM com.codeborne.selenide.impl.ScreenShotLaboratory ensureFolderExists
INFO: Creating folder: build\reports\tests
</system-err>
  </testcase>
</testsuite>