<?xml version="1.0" encoding="UTF-8" ?>
<testsuite tests="2" failures="1" name="TestSuite" time="0.829" errors="0" skipped="0">
  <properties>
[...]
</properties>
  <testcase classname="fix.app.firstTest" name="openPage" time="0.28">
    <failure message="Cannot find firefox binary in PATH. Make sure firefox is installed. OS appears to be: WIN10
Build info: version: &apos;3.6.0&apos;, revision: &apos;6fbf3ec767&apos;, time: &apos;2017-09-27T15:28:36.4Z&apos;
System info: host: &apos;W-DIAROVCHM&apos;, ip: &apos;172.16.20.11&apos;, os.name: &apos;Windows 10&apos;, os.arch: &apos;amd64&apos;, os.version: &apos;10.0&apos;, java.version: &apos;1.8.0_102&apos;
Driver info: driver.version: FirefoxDriver
selenide.url: https://music.yandex.ru/feed
selenide.baseUrl: http://localhost:8080" type="org.openqa.selenium.WebDriverException">org.openqa.selenium.WebDriverException: Cannot find firefox binary in PATH. Make sure firefox is installed. OS appears to be: WIN10
Build info: version: &apos;3.6.0&apos;, revision: &apos;6fbf3ec767&apos;, time: &apos;2017-09-27T15:28:36.4Z&apos;
System info: host: &apos;W-DIAROVCHM&apos;, ip: &apos;172.16.20.11&apos;, os.name: &apos;Windows 10&apos;, os.arch: &apos;amd64&apos;, os.version: &apos;10.0&apos;, java.version: &apos;1.8.0_102&apos;
Driver info: driver.version: FirefoxDriver
selenide.url: https://music.yandex.ru/feed
selenide.baseUrl: http://localhost:8080
	at org.openqa.selenium.firefox.FirefoxBinary.&lt;init&gt;(FirefoxBinary.java:116)
	at org.openqa.selenium.firefox.FirefoxOptions.getBinary(FirefoxOptions.java:217)
	at org.openqa.selenium.firefox.FirefoxDriver.toExecutor(FirefoxDriver.java:143)
	at org.openqa.selenium.firefox.FirefoxDriver.&lt;init&gt;(FirefoxDriver.java:120)
	at com.codeborne.selenide.webdriver.FirefoxDriverFactory.createFirefoxDriver(FirefoxDriverFactory.java:32)
	at com.codeborne.selenide.webdriver.FirefoxDriverFactory.create(FirefoxDriverFactory.java:25)
	at com.codeborne.selenide.webdriver.WebDriverFactory.lambda$createWebDriver$0(WebDriverFactory.java:55)
	at java.util.Optional.map(Optional.java:215)
	at com.codeborne.selenide.webdriver.WebDriverFactory.createWebDriver(WebDriverFactory.java:55)
	at com.codeborne.selenide.impl.WebDriverThreadLocalContainer.createDriver(WebDriverThreadLocalContainer.java:227)
	at com.codeborne.selenide.impl.WebDriverThreadLocalContainer.getAndCheckWebDriver(WebDriverThreadLocalContainer.java:111)
	at com.codeborne.selenide.WebDriverRunner.getAndCheckWebDriver(WebDriverRunner.java:142)
	at com.codeborne.selenide.impl.Navigator.navigateToAbsoluteUrl(Navigator.java:69)
	at com.codeborne.selenide.impl.Navigator.open(Navigator.java:32)
	at com.codeborne.selenide.Selenide.open(Selenide.java:79)
	at com.codeborne.selenide.Selenide.open(Selenide.java:53)
	at fix.app.firstTest.openPage(firstTest.java:10)
</failure>
    <system-out>Configuring TestNG with: org.apache.maven.surefire.testng.conf.TestNG652Configurator@59f95c5d
</system-out>
    <system-err>Oct 19, 2017 11:21:51 AM com.codeborne.selenide.webdriver.FirefoxDriverFactory createFirefoxDriver
INFO: Firefox 48+ is currently not supported by Selenium Firefox driver. Use browser=marionette with geckodriver, when using it.
</system-err>
  </testcase>
  <testcase classname="fix.app.AppTest" name="testApp on testApp(fix.app.AppTest)" time="0.549"/>
</testsuite>