<?xml version="1.0" encoding="UTF-8"?>
<!-- Generated by org.testng.reporters.JUnitXMLReporter -->
<testsuite hostname="w-diarovchm" ignored="0" name="Command line test" tests="1" failures="1" timestamp="19 Oct 2017 10:44:57 GMT" time="9.969" errors="0">
  <testcase name="openPage" time="9.942" classname="fix.app.firstTest">
    <failure type="com.codeborne.selenide.ex.ElementShould" message="Element should have text &amp;apos;Привет, WQAa!&amp;apos; {h3}
Element: &amp;apos;&amp;lt;h3 class=&amp;quot;ng-binding&amp;quot;&amp;gt;Привет, WQA!&amp;lt;/h3&amp;gt;&amp;apos;">
      <![CDATA[Element should have text 'Привет, WQAa!' {h3}
Element: '<h3 class="ng-binding">Привет, WQA!</h3>'
Screenshot: file:/C:/dev/Fix/ui-test/build/reports/tests/1508409896602.0.png
Page source: file:/C:/dev/Fix/ui-test/build/reports/tests/1508409896602.0.html
Timeout: 4 s.
	at com.codeborne.selenide.impl.WebElementSource.checkCondition(WebElementSource.java:66)
	at com.codeborne.selenide.commands.Should.should(Should.java:35)
	at com.codeborne.selenide.commands.Should.execute(Should.java:29)
	at com.codeborne.selenide.commands.Should.execute(Should.java:12)
	at com.codeborne.selenide.commands.Commands.execute(Commands.java:143)
	at com.codeborne.selenide.impl.SelenideElementProxy.dispatchAndRetry(SelenideElementProxy.java:87)
	at com.codeborne.selenide.impl.SelenideElementProxy.invoke(SelenideElementProxy.java:63)
	at com.sun.proxy.$Proxy2.shouldHave(Unknown Source)
	at fix.app.firstTest.openPage(firstTest.java:23)
... Removed 34 stack frames]]>
    </failure>
  </testcase> <!-- openPage -->
</testsuite> <!-- Command line test -->
